<?xml version="1.0" encoding="UTF-8"?>
<testng-results skipped="0" failed="0" total="2" passed="2">
  <reporter-output>
  </reporter-output>
  <suite name="Suite" duration-ms="47077" started-at="2019-10-03T17:47:44Z" finished-at="2019-10-03T17:48:31Z">
    <groups>
    </groups>
    <test name="Test" duration-ms="47077" started-at="2019-10-03T17:47:44Z" finished-at="2019-10-03T17:48:31Z">
      <class name="AutomateWeb.AllLinks">
        <test-method status="PASS" signature="Invoke_Browser()[pri:0, instance:AutomateWeb.AllLinks@327514f]" name="Invoke_Browser" is-config="true" duration-ms="10068" started-at="2019-10-03T23:17:44Z" finished-at="2019-10-03T23:17:54Z">
          <reporter-output>
          </reporter-output>
        </test-method> <!-- Invoke_Browser -->
        <test-method status="PASS" signature="FindLinks()[pri:0, instance:AutomateWeb.AllLinks@327514f]" name="FindLinks" duration-ms="1042" started-at="2019-10-03T23:17:54Z" finished-at="2019-10-03T23:17:55Z">
          <reporter-output>
          </reporter-output>
        </test-method> <!-- FindLinks -->
        <test-method status="PASS" signature="Invoke_Browser()[pri:0, instance:AutomateWeb.AllLinks@327514f]" name="Invoke_Browser" is-config="true" duration-ms="19381" started-at="2019-10-03T23:17:56Z" finished-at="2019-10-03T23:18:15Z">
          <reporter-output>
          </reporter-output>
        </test-method> <!-- Invoke_Browser -->
        <test-method status="PASS" signature="Search()[pri:0, instance:AutomateWeb.AllLinks@327514f]" name="Search" duration-ms="15605" started-at="2019-10-03T23:18:15Z" finished-at="2019-10-03T23:18:31Z">
          <reporter-output>
          </reporter-output>
        </test-method> <!-- Search -->
      </class> <!-- AutomateWeb.AllLinks -->
    </test> <!-- Test -->
  </suite> <!-- Suite -->
</testng-results>
